[14-Jun-2023 08:27:19 UTC] PHP Notice:  Undefined variable: youtube_url in D:\xampp\htdocs\docker-dental\wp_data\wp-content\themes\i-dent\template-parts\content-story-khach-hang.php on line 34
[14-Jun-2023 08:27:19 UTC] PHP Notice:  Undefined variable: youtube_img in D:\xampp\htdocs\docker-dental\wp_data\wp-content\themes\i-dent\template-parts\content-story-khach-hang.php on line 35
[14-Jun-2023 08:27:19 UTC] PHP Notice:  Undefined variable: youtube_url in D:\xampp\htdocs\docker-dental\wp_data\wp-content\themes\i-dent\template-parts\content-story-khach-hang.php on line 44
[14-Jun-2023 08:27:19 UTC] PHP Notice:  Undefined variable: youtube_img in D:\xampp\htdocs\docker-dental\wp_data\wp-content\themes\i-dent\template-parts\content-story-khach-hang.php on line 45
[14-Jun-2023 08:28:36 UTC] PHP Parse error:  syntax error, unexpected end of file in D:\xampp\htdocs\docker-dental\wp_data\wp-content\themes\i-dent\template-parts\content-story-khach-hang.php on line 118
[14-Jun-2023 08:29:19 UTC] PHP Notice:  Undefined variable: youtube_url in D:\xampp\htdocs\docker-dental\wp_data\wp-content\themes\i-dent\template-parts\content-story-khach-hang.php on line 33
[14-Jun-2023 08:29:19 UTC] PHP Notice:  Undefined variable: youtube_img in D:\xampp\htdocs\docker-dental\wp_data\wp-content\themes\i-dent\template-parts\content-story-khach-hang.php on line 34
[14-Jun-2023 08:29:19 UTC] PHP Notice:  Undefined variable: youtube_url in D:\xampp\htdocs\docker-dental\wp_data\wp-content\themes\i-dent\template-parts\content-story-khach-hang.php on line 43
[14-Jun-2023 08:29:19 UTC] PHP Notice:  Undefined variable: youtube_img in D:\xampp\htdocs\docker-dental\wp_data\wp-content\themes\i-dent\template-parts\content-story-khach-hang.php on line 44
[14-Jun-2023 08:30:20 UTC] PHP Notice:  Undefined variable: youtube_url in D:\xampp\htdocs\docker-dental\wp_data\wp-content\themes\i-dent\template-parts\content-story-khach-hang.php on line 33
[14-Jun-2023 08:30:20 UTC] PHP Notice:  Undefined variable: youtube_img in D:\xampp\htdocs\docker-dental\wp_data\wp-content\themes\i-dent\template-parts\content-story-khach-hang.php on line 34
[14-Jun-2023 08:30:20 UTC] PHP Notice:  Undefined variable: youtube_url in D:\xampp\htdocs\docker-dental\wp_data\wp-content\themes\i-dent\template-parts\content-story-khach-hang.php on line 43
[14-Jun-2023 08:30:20 UTC] PHP Notice:  Undefined variable: youtube_img in D:\xampp\htdocs\docker-dental\wp_data\wp-content\themes\i-dent\template-parts\content-story-khach-hang.php on line 44
[14-Jun-2023 08:30:35 UTC] PHP Notice:  Undefined variable: youtube_url in D:\xampp\htdocs\docker-dental\wp_data\wp-content\themes\i-dent\template-parts\content-story-khach-hang.php on line 33
[14-Jun-2023 08:30:35 UTC] PHP Notice:  Undefined variable: youtube_img in D:\xampp\htdocs\docker-dental\wp_data\wp-content\themes\i-dent\template-parts\content-story-khach-hang.php on line 34
[14-Jun-2023 08:30:35 UTC] PHP Notice:  Undefined variable: youtube_url in D:\xampp\htdocs\docker-dental\wp_data\wp-content\themes\i-dent\template-parts\content-story-khach-hang.php on line 43
[14-Jun-2023 08:30:35 UTC] PHP Notice:  Undefined variable: youtube_img in D:\xampp\htdocs\docker-dental\wp_data\wp-content\themes\i-dent\template-parts\content-story-khach-hang.php on line 44
[14-Jun-2023 08:42:34 UTC] PHP Notice:  Trying to get property 'object_id' of non-object in D:\xampp\htdocs\docker-dental\wp_data\wp-content\plugins\wordpress-seo\src\integrations\admin\admin-columns-cache-integration.php on line 112
[14-Jun-2023 08:42:34 UTC] PHP Notice:  Trying to get property 'object_id' of non-object in D:\xampp\htdocs\docker-dental\wp_data\wp-content\plugins\wordpress-seo\src\integrations\admin\admin-columns-cache-integration.php on line 112
[14-Jun-2023 08:42:34 UTC] PHP Notice:  Trying to get property 'object_id' of non-object in D:\xampp\htdocs\docker-dental\wp_data\wp-content\plugins\wordpress-seo\src\integrations\admin\admin-columns-cache-integration.php on line 112
[14-Jun-2023 08:51:10 UTC] PHP Notice:  Undefined variable: plan_name in D:\xampp\htdocs\docker-dental\wp_data\wp-content\themes\i-dent\template-parts\content-story-khach-hang.php on line 59
[14-Jun-2023 08:51:10 UTC] PHP Notice:  Undefined variable: plan_description in D:\xampp\htdocs\docker-dental\wp_data\wp-content\themes\i-dent\template-parts\content-story-khach-hang.php on line 59
[14-Jun-2023 08:51:10 UTC] PHP Notice:  Undefined variable: plan_name in D:\xampp\htdocs\docker-dental\wp_data\wp-content\themes\i-dent\template-parts\content-story-khach-hang.php on line 59
[14-Jun-2023 08:51:10 UTC] PHP Notice:  Undefined variable: plan_description in D:\xampp\htdocs\docker-dental\wp_data\wp-content\themes\i-dent\template-parts\content-story-khach-hang.php on line 59
[14-Jun-2023 08:51:10 UTC] PHP Notice:  Undefined variable: plan_name in D:\xampp\htdocs\docker-dental\wp_data\wp-content\themes\i-dent\template-parts\content-story-khach-hang.php on line 59
[14-Jun-2023 08:51:10 UTC] PHP Notice:  Undefined variable: plan_description in D:\xampp\htdocs\docker-dental\wp_data\wp-content\themes\i-dent\template-parts\content-story-khach-hang.php on line 59
[14-Jun-2023 08:51:31 UTC] PHP Notice:  Trying to get property 'plan_name' of non-object in D:\xampp\htdocs\docker-dental\wp_data\wp-content\themes\i-dent\template-parts\content-story-khach-hang.php on line 59
[14-Jun-2023 08:51:31 UTC] PHP Notice:  Undefined variable: plan_description in D:\xampp\htdocs\docker-dental\wp_data\wp-content\themes\i-dent\template-parts\content-story-khach-hang.php on line 59
[14-Jun-2023 08:51:31 UTC] PHP Notice:  Trying to get property 'plan_name' of non-object in D:\xampp\htdocs\docker-dental\wp_data\wp-content\themes\i-dent\template-parts\content-story-khach-hang.php on line 59
[14-Jun-2023 08:51:31 UTC] PHP Notice:  Undefined variable: plan_description in D:\xampp\htdocs\docker-dental\wp_data\wp-content\themes\i-dent\template-parts\content-story-khach-hang.php on line 59
[14-Jun-2023 08:51:31 UTC] PHP Notice:  Trying to get property 'plan_name' of non-object in D:\xampp\htdocs\docker-dental\wp_data\wp-content\themes\i-dent\template-parts\content-story-khach-hang.php on line 59
[14-Jun-2023 08:51:31 UTC] PHP Notice:  Undefined variable: plan_description in D:\xampp\htdocs\docker-dental\wp_data\wp-content\themes\i-dent\template-parts\content-story-khach-hang.php on line 59
[14-Jun-2023 08:52:41 UTC] PHP Notice:  Trying to get property 'object_id' of non-object in D:\xampp\htdocs\docker-dental\wp_data\wp-content\plugins\wordpress-seo\src\integrations\admin\admin-columns-cache-integration.php on line 112
[14-Jun-2023 08:52:41 UTC] PHP Notice:  Trying to get property 'object_id' of non-object in D:\xampp\htdocs\docker-dental\wp_data\wp-content\plugins\wordpress-seo\src\integrations\admin\admin-columns-cache-integration.php on line 112
[14-Jun-2023 08:52:41 UTC] PHP Notice:  Trying to get property 'object_id' of non-object in D:\xampp\htdocs\docker-dental\wp_data\wp-content\plugins\wordpress-seo\src\integrations\admin\admin-columns-cache-integration.php on line 112
[14-Jun-2023 08:52:56 UTC] PHP Notice:  Trying to get property 'object_id' of non-object in D:\xampp\htdocs\docker-dental\wp_data\wp-content\plugins\wordpress-seo\src\integrations\admin\admin-columns-cache-integration.php on line 112
[14-Jun-2023 08:52:56 UTC] PHP Notice:  Trying to get property 'object_id' of non-object in D:\xampp\htdocs\docker-dental\wp_data\wp-content\plugins\wordpress-seo\src\integrations\admin\admin-columns-cache-integration.php on line 112
[14-Jun-2023 08:52:56 UTC] PHP Notice:  Trying to get property 'object_id' of non-object in D:\xampp\htdocs\docker-dental\wp_data\wp-content\plugins\wordpress-seo\src\integrations\admin\admin-columns-cache-integration.php on line 112
[14-Jun-2023 09:59:32 UTC] PHP Notice:  Trying to get property 'object_id' of non-object in D:\xampp\htdocs\docker-dental\wp_data\wp-content\plugins\wordpress-seo\src\integrations\admin\admin-columns-cache-integration.php on line 112
[14-Jun-2023 09:59:32 UTC] PHP Notice:  Trying to get property 'object_id' of non-object in D:\xampp\htdocs\docker-dental\wp_data\wp-content\plugins\wordpress-seo\src\integrations\admin\admin-columns-cache-integration.php on line 112
[14-Jun-2023 09:59:32 UTC] PHP Notice:  Trying to get property 'object_id' of non-object in D:\xampp\htdocs\docker-dental\wp_data\wp-content\plugins\wordpress-seo\src\integrations\admin\admin-columns-cache-integration.php on line 112
[14-Jun-2023 10:02:14 UTC] PHP Notice:  Trying to get property 'object_id' of non-object in D:\xampp\htdocs\docker-dental\wp_data\wp-content\plugins\wordpress-seo\src\integrations\admin\admin-columns-cache-integration.php on line 112
[14-Jun-2023 10:02:14 UTC] PHP Notice:  Trying to get property 'object_id' of non-object in D:\xampp\htdocs\docker-dental\wp_data\wp-content\plugins\wordpress-seo\src\integrations\admin\admin-columns-cache-integration.php on line 112
[14-Jun-2023 10:02:14 UTC] PHP Notice:  Trying to get property 'object_id' of non-object in D:\xampp\htdocs\docker-dental\wp_data\wp-content\plugins\wordpress-seo\src\integrations\admin\admin-columns-cache-integration.php on line 112
[14-Jun-2023 10:02:34 UTC] PHP Notice:  Trying to get property 'object_id' of non-object in D:\xampp\htdocs\docker-dental\wp_data\wp-content\plugins\wordpress-seo\src\integrations\admin\admin-columns-cache-integration.php on line 112
[14-Jun-2023 10:02:34 UTC] PHP Notice:  Trying to get property 'object_id' of non-object in D:\xampp\htdocs\docker-dental\wp_data\wp-content\plugins\wordpress-seo\src\integrations\admin\admin-columns-cache-integration.php on line 112
[14-Jun-2023 10:02:34 UTC] PHP Notice:  Trying to get property 'object_id' of non-object in D:\xampp\htdocs\docker-dental\wp_data\wp-content\plugins\wordpress-seo\src\integrations\admin\admin-columns-cache-integration.php on line 112
[14-Jun-2023 10:02:45 UTC] PHP Notice:  Trying to get property 'object_id' of non-object in D:\xampp\htdocs\docker-dental\wp_data\wp-content\plugins\wordpress-seo\src\integrations\admin\admin-columns-cache-integration.php on line 112
[14-Jun-2023 10:02:45 UTC] PHP Notice:  Trying to get property 'object_id' of non-object in D:\xampp\htdocs\docker-dental\wp_data\wp-content\plugins\wordpress-seo\src\integrations\admin\admin-columns-cache-integration.php on line 112
[14-Jun-2023 10:02:45 UTC] PHP Notice:  Trying to get property 'object_id' of non-object in D:\xampp\htdocs\docker-dental\wp_data\wp-content\plugins\wordpress-seo\src\integrations\admin\admin-columns-cache-integration.php on line 112
